make.exe all --print-data-base --no-builtin-variables --no-builtin-rules --question
# GNU Make 3.82.90
# Built for i686-pc-mingw32
# Copyright (C) 1988-2012 Free Software Foundation, Inc.
# License GPLv3+: GNU GPL version 3 or later <http://gnu.org/licenses/gpl.html>
# This is free software: you are free to change and redistribute it.
# There is NO WARRANTY, to the extent permitted by law.

# Make data base, printed on Wed Jun 01 09:50:55 2022

# Variables

# automatic
<D = $(patsubst %/,%,$(patsubst %\,%,$(dir $<)))
# automatic
?F = $(notdir $?)
# environment
WSLENV = WT_SESSION:BASH_ENV/u:WT_PROFILE_ID
# default
.SHELLFLAGS := -c
# makefile
MAKEFLAGS = Rrqp
# environment
VSCODE_LOG_NATIVE = false
# automatic
?D = $(patsubst %/,%,$(patsubst %\,%,$(dir $?)))
# automatic
@D = $(patsubst %/,%,$(patsubst %\,%,$(dir $@)))
# environment
HOMEDRIVE = C:
# automatic
@F = $(notdir $@)
# automatic
^D = $(patsubst %/,%,$(patsubst %\,%,$(dir $^)))
# makefile
CURDIR := c:/Users/Karurosu/SManga
# default
SHELL := sh.exe
# environment
WINDIR = C:\WINDOWS
# environment
VSCODE_NLS_CONFIG = {"locale":"en-us","availableLanguages":{},"_languagePackSupport":true}
# environment
ONEDRIVE = C:\Users\Karurosu\OneDrive
# environment
PATHEXT = .COM;.EXE;.BAT;.CMD;.VBS;.VBE;.JS;.JSE;.WSF;.WSH;.MSC
# makefile
MAKEFILE_LIST := 
# environment
TMP = C:\Users\Karurosu\AppData\Local\Temp
# environment
VSCODE_VERBOSE_LOGGING = true
# environment
PROGRAMW6432 = C:\Program Files
# environment
PROGRAMDATA = C:\ProgramData
# environment
VSCODE_IPC_HOOK_EXTHOST = \\.\pipe\vscode-ipc-9c58c9c5-a10c-47f3-a11e-e3eb8d48e8bc-sock
# environment
VSCODE_CWD = C:\Users\Karurosu\SManga
# environment
PATH = C:\WINDOWS\system32;C:\WINDOWS;C:\WINDOWS\System32\Wbem;C:\WINDOWS\System32\WindowsPowerShell\v1.0\;C:\WINDOWS\System32\OpenSSH\;C:\Program Files\NVIDIA Corporation\NVIDIA NvDLISR;C:\Program Files (x86)\NVIDIA Corporation\PhysX\Common;C:\Program Files\Docker\Docker\resources\bin;C:\ProgramData\DockerDesktop\version-bin;C:\MinGW\bin;C:\Program Files\dotnet\;C:\Program Files\Git\cmd;C:\Program Files\Cloudflare\Cloudflare WARP\;C:\Program Files\nodejs\;C:\Users\Karurosu\AppData\Local\Programs\Python\Python310\Scripts\;C:\Users\Karurosu\AppData\Local\Programs\Python\Python310\;C:\Users\Karurosu\AppData\Local\Microsoft\WindowsApps;C:\Users\Karurosu\AppData\Local\Programs\Microsoft VS Code\bin;C:\Program Files\Notepad++;C:\Users\Karurosu\AppData\Roaming\npm
# environment
COMMONPROGRAMW6432 = C:\Program Files\Common Files
# environment
LC_ALL = C
# environment
PROCESSOR_ARCHITECTURE = x86
# environment
USERPROFILE = C:\Users\Karurosu
# environment
BASH_ENV = /etc/bash.bashrc
# environment
ALLUSERSPROFILE = C:\ProgramData
# environment
VSCODE_LOG_STACK = false
# environment
NUMBER_OF_PROCESSORS = 8
# environment
ELECTRON_RUN_AS_NODE = 1
# default
.FEATURES := target-specific order-only second-expansion else-if shortest-stem undefine oneshell archives jobserver
# automatic
%F = $(notdir $%)
# environment
CHROME_CRASHPAD_PIPE_NAME = \\.\pipe\crashpad_13504_AJVVFBFJUQIMIOAH
# environment
VSCODE_PIPE_LOGGING = true
# environment
COMPUTERNAME = DESKTOP-2D2PACG
# environment
PROGRAMFILES = C:\Program Files (x86)
# environment
DRIVERDATA = C:\Windows\System32\Drivers\DriverData
# environment
ORIGINAL_XDG_CURRENT_DESKTOP = undefined
# environment
WT_SESSION = fe2bb63a-dbf9-4e2d-b0fa-3781f9f3de41
# environment
USERNAME = Karurosu
# environment
PUBLIC = C:\Users\Public
# environment
VSCODE_AMD_ENTRYPOINT = vs/workbench/api/node/extensionHostProcess
# environment
VSCODE_CLI = 1
# environment
VSCODE_CODE_CACHE_PATH = C:\Users\Karurosu\AppData\Roaming\Code\CachedData\c3511e6c69bb39013c4a4b7b9566ec1ca73fc4d5
# environment
APPLICATION_INSIGHTS_NO_DIAGNOSTIC_CHANNEL = 1
# environment
COMMONPROGRAMFILES = C:\Program Files (x86)\Common Files
# environment
LOGONSERVER = \\DESKTOP-2D2PACG
# environment
VSCODE_HANDLES_UNCAUGHT_ERRORS = true
# environment
USERDOMAIN = DESKTOP-2D2PACG
# environment
MAKELEVEL := 0
# default
MAKE = $(MAKE_COMMAND)
# default
MAKECMDGOALS := all
# default
MAKE_VERSION := 3.82.90
# makefile
.DEFAULT_GOAL := 
# environment
PROGRAMFILES(X86) = C:\Program Files (x86)
# automatic
%D = $(patsubst %/,%,$(patsubst %\,%,$(dir $%)))
# environment
LOCALAPPDATA = C:\Users\Karurosu\AppData\Local
# environment
PSMODULEPATH = C:\Program Files\WindowsPowerShell\Modules;C:\WINDOWS\system32\WindowsPowerShell\v1.0\Modules
# default
MAKE_COMMAND := make.exe
# environment
PROCESSOR_ARCHITEW6432 = AMD64
# default
.VARIABLES := 
# automatic
*F = $(notdir $*)
# environment
PROCESSOR_IDENTIFIER = AMD64 Family 23 Model 24 Stepping 1, AuthenticAMD
# environment
OS = Windows_NT
# environment
VSCODE_IPC_HOOK = \\.\pipe\262f3f2f2459bfda04882d0875d4010c-1.67.2-main-sock
# environment
HOMEPATH = \Users\Karurosu
# environment
COMMONPROGRAMFILES(X86) = C:\Program Files (x86)\Common Files
# environment
PROMPT = $e]9;9;$P$e\$P$G
# environment
MFLAGS = -Rrqp
# automatic
*D = $(patsubst %/,%,$(patsubst %\,%,$(dir $*)))
# environment
PT8HOME = C:\Program Files\Cisco Packet Tracer 8.1.1
# environment
SYSTEMROOT = C:\WINDOWS
# automatic
+D = $(patsubst %/,%,$(patsubst %\,%,$(dir $+)))
# automatic
+F = $(notdir $+)
# environment
APPDATA = C:\Users\Karurosu\AppData\Roaming
# environment
TEMP = C:\Users\Karurosu\AppData\Local\Temp
# environment
WT_PROFILE_ID = {0caa0dad-35be-5f56-a8ff-afceeeaa6101}
# environment
COMSPEC = C:\WINDOWS\system32\cmd.exe
# default
MAKEFILES := 
# automatic
<F = $(notdir $<)
# environment
ELECTRON_NO_ATTACH_CONSOLE = 1
# automatic
^F = $(notdir $^)
# default
SUFFIXES := 
# environment
SYSTEMDRIVE = C:
# environment
PROCESSOR_REVISION = 1801
# default
.INCLUDE_DIRS = C:/MinGW/include
# default
.RECIPEPREFIX := 
# environment
LANG = C
# environment
PROCESSOR_LEVEL = 23
# environment
VSCODE_PID = 13504
# environment
USERDOMAIN_ROAMINGPROFILE = DESKTOP-2D2PACG
# variable set hash-table stats:
# Load=95/1024=9%, Rehash=0, Collisions=13/111=12%

# Pattern-specific Variable Values

# No pattern-specific variable values.

# Directories

# C:\ProgramData\DockerDesktop\version-bin: could not be stat'd.
# C:\Users\Karurosu\AppData\Local\Programs\Microsoft VS Code\bin (key C:/Users/Karurosu/AppData/Local/Programs/Microsoft VS Code/bin, mtime 1653161628): 4 files, no impossibilities.
# C:\Users\Karurosu\AppData\Local\Programs\Python\Python310\ (key C:/Users/Karurosu/AppData/Local/Programs/Python/Python310/, mtime 1649870551): 18 files, no impossibilities.
# C:\Program Files\NVIDIA Corporation\NVIDIA NvDLISR (key C:/Program Files/NVIDIA Corporation/NVIDIA NvDLISR, mtime 1649860793): 5 files, no impossibilities.
# C:\Users\Karurosu\AppData\Local\Programs\Python\Python310\Scripts\ (key C:/Users/Karurosu/AppData/Local/Programs/Python/Python310/Scripts/, mtime 1654051258): 11 files, no impossibilities.
# C:\WINDOWS\System32\WindowsPowerShell\v1.0\ (key C:/WINDOWS/System32/WindowsPowerShell/v1.0/, mtime 1649830308): 30 files, no impossibilities.
# . (key c:/Users/Karurosu/SManga, mtime 1654095050): 12 files, no impossibilities.
# C:\Program Files\Git\cmd (key C:/Program Files/Git/cmd, mtime 1652139166): 8 files, no impossibilities.
# C:\WINDOWS\System32\OpenSSH\: could not be stat'd.
# C:\MinGW\bin (key C:/MinGW/bin, mtime 1649964413): 127 files, no impossibilities.
# C:\Program Files (x86)\NVIDIA Corporation\PhysX\Common (key C:/Program Files (x86)/NVIDIA Corporation/PhysX/Common, mtime 1649861100): 10 files, no impossibilities.
# C:\WINDOWS (key C:/WINDOWS, mtime 1654052413): 112 files, no impossibilities.
# C:\Program Files\nodejs\ (key C:/Program Files/nodejs/, mtime 1654052324): 13 files, no impossibilities.
# C:\Program Files\Docker\Docker\resources\bin (key C:/Program Files/Docker/Docker/resources/bin, mtime 1649888229): 13 files, no impossibilities.
# C:\Program Files\Notepad++ (key C:/Program Files/Notepad++, mtime 1649961984): 19 files, no impossibilities.
# C:\WINDOWS\System32\Wbem (key C:/WINDOWS/System32/Wbem, mtime 1652416725): 170 files, no impossibilities.
# C:\Users\Karurosu\AppData\Roaming\npm (key C:/Users/Karurosu/AppData/Roaming/npm, mtime 1654052319): 2 files, no impossibilities.
# C:\Program Files\dotnet\ (key C:/Program Files/dotnet/, mtime 1650806031): 8 files, no impossibilities.
# C:\Program Files\Cloudflare\Cloudflare WARP\ (key C:/Program Files/Cloudflare/Cloudflare WARP/, mtime 1653766715): 11 files, no impossibilities.
# C:\WINDOWS\system32 (key C:/WINDOWS/system32, mtime 1654052651): 2945 files, no impossibilities.
# C:\Users\Karurosu\AppData\Local\Microsoft\WindowsApps (key C:/Users/Karurosu/AppData/Local/Microsoft/WindowsApps, mtime 1651000075): 15 files, no impossibilities.

# 3533 files, no impossibilities in 21 directories.

# Implicit Rules

# No implicit rules.

# Files

# Not a target:
all:
#  Command line target.
#  Implicit rule search has been done.
#  File does not exist.
#  File has not been updated.

# Not a target:
.SUFFIXES:
#  Implicit rule search has not been done.
#  Modification time never checked.
#  File has not been updated.

# Not a target:
Makefile:
#  Implicit rule search has been done.
#  File does not exist.
#  File has been updated.
#  Failed to be updated.

# Not a target:
makefile:
#  Implicit rule search has been done.
#  File does not exist.
#  File has been updated.
#  Failed to be updated.

# Not a target:
.DEFAULT:
#  Implicit rule search has not been done.
#  Modification time never checked.
#  File has not been updated.

# Not a target:
GNUmakefile:
#  Implicit rule search has been done.
#  File does not exist.
#  File has been updated.
#  Failed to be updated.

# files hash-table stats:
# Load=6/1024=1%, Rehash=0, Collisions=0/15=0%
# VPATH Search Paths

# No 'vpath' search paths.

# No general ('VPATH' variable) search path.

# strcache buffers: 7 (5) / strings = 3504 / storage = 52971 B / avg = 15 B
# current buf: size = 8174 B / used = 3984 B / count = 255 / avg = 15 B
# other used: total = 44797 B / count = 3249 / avg = 13 B
# other free: total = 57 B / max = 20 B / min = 4 B / avg = 9 B

# strcache performance: lookups = 3562 / hit rate = 1%
# hash-table stats:
# Load=3504/8192=43%, Rehash=0, Collisions=1230/3562=35%
# Finished Make data base on Wed Jun 01 09:50:55 2022

 
make.exe: *** No rule to make target 'all'.  Stop.

